<?xml version="1.0" encoding="UTF-8"?>
<testsuite xmlns:xsi="http://www.w3.org/2001/XMLSchema-instance" xsi:noNamespaceSchemaLocation="https://maven.apache.org/surefire/maven-surefire-plugin/xsd/surefire-test-report.xsd" name="com.matimbahobs.taxcalculator.TaxcalculatorApplicationTests" time="4.702" tests="1" errors="0" skipped="0" failures="0">
  <properties>
    <property name="sun.desktop" value="windows"/>
    <property name="awt.toolkit" value="sun.awt.windows.WToolkit"/>
    <property name="file.encoding.pkg" value="sun.io"/>
    <property name="java.specification.version" value="1.8"/>
    <property name="sun.cpu.isalist" value="amd64"/>
    <property name="sun.jnu.encoding" value="Cp1252"/>
    <property name="java.class.path" value="C:\TaxCalculator\taxcalculator\taxcalculator\target\test-classes;C:\TaxCalculator\taxcalculator\taxcalculator\target\classes;c:\users\a235905\.m2\repository\org\springframework\boot\spring-boot-starter-thymeleaf\2.4.4\spring-boot-starter-thymeleaf-2.4.4.jar;c:\users\a235905\.m2\repository\org\springframework\boot\spring-boot-starter\2.4.4\spring-boot-starter-2.4.4.jar;c:\users\a235905\.m2\repository\org\springframework\boot\spring-boot\2.4.4\spring-boot-2.4.4.jar;c:\users\a235905\.m2\repository\org\springframework\boot\spring-boot-autoconfigure\2.4.4\spring-boot-autoconfigure-2.4.4.jar;c:\users\a235905\.m2\repository\org\springframework\boot\spring-boot-starter-logging\2.4.4\spring-boot-starter-logging-2.4.4.jar;c:\users\a235905\.m2\repository\ch\qos\logback\logback-classic\1.2.3\logback-classic-1.2.3.jar;c:\users\a235905\.m2\repository\ch\qos\logback\logback-core\1.2.3\logback-core-1.2.3.jar;c:\users\a235905\.m2\repository\org\apache\logging\log4j\log4j-to-slf4j\2.13.3\log4j-to-slf4j-2.13.3.jar;c:\users\a235905\.m2\repository\org\apache\logging\log4j\log4j-api\2.13.3\log4j-api-2.13.3.jar;c:\users\a235905\.m2\repository\org\slf4j\jul-to-slf4j\1.7.30\jul-to-slf4j-1.7.30.jar;c:\users\a235905\.m2\repository\jakarta\annotation\jakarta.annotation-api\1.3.5\jakarta.annotation-api-1.3.5.jar;c:\users\a235905\.m2\repository\org\yaml\snakeyaml\1.27\snakeyaml-1.27.jar;c:\users\a235905\.m2\repository\org\thymeleaf\thymeleaf-spring5\3.0.12.RELEASE\thymeleaf-spring5-3.0.12.RELEASE.jar;c:\users\a235905\.m2\repository\org\thymeleaf\thymeleaf\3.0.12.RELEASE\thymeleaf-3.0.12.RELEASE.jar;c:\users\a235905\.m2\repository\org\attoparser\attoparser\2.0.5.RELEASE\attoparser-2.0.5.RELEASE.jar;c:\users\a235905\.m2\repository\org\unbescape\unbescape\1.1.6.RELEASE\unbescape-1.1.6.RELEASE.jar;c:\users\a235905\.m2\repository\org\slf4j\slf4j-api\1.7.30\slf4j-api-1.7.30.jar;c:\users\a235905\.m2\repository\org\thymeleaf\extras\thymeleaf-extras-java8time\3.0.4.RELEASE\thymeleaf-extras-java8time-3.0.4.RELEASE.jar;c:\users\a235905\.m2\repository\org\springframework\boot\spring-boot-starter-web\2.4.4\spring-boot-starter-web-2.4.4.jar;c:\users\a235905\.m2\repository\org\springframework\boot\spring-boot-starter-json\2.4.4\spring-boot-starter-json-2.4.4.jar;c:\users\a235905\.m2\repository\com\fasterxml\jackson\core\jackson-databind\2.11.4\jackson-databind-2.11.4.jar;c:\users\a235905\.m2\repository\com\fasterxml\jackson\core\jackson-annotations\2.11.4\jackson-annotations-2.11.4.jar;c:\users\a235905\.m2\repository\com\fasterxml\jackson\core\jackson-core\2.11.4\jackson-core-2.11.4.jar;c:\users\a235905\.m2\repository\com\fasterxml\jackson\datatype\jackson-datatype-jdk8\2.11.4\jackson-datatype-jdk8-2.11.4.jar;c:\users\a235905\.m2\repository\com\fasterxml\jackson\datatype\jackson-datatype-jsr310\2.11.4\jackson-datatype-jsr310-2.11.4.jar;c:\users\a235905\.m2\repository\com\fasterxml\jackson\module\jackson-module-parameter-names\2.11.4\jackson-module-parameter-names-2.11.4.jar;c:\users\a235905\.m2\repository\org\springframework\boot\spring-boot-starter-tomcat\2.4.4\spring-boot-starter-tomcat-2.4.4.jar;c:\users\a235905\.m2\repository\org\apache\tomcat\embed\tomcat-embed-core\9.0.44\tomcat-embed-core-9.0.44.jar;c:\users\a235905\.m2\repository\org\glassfish\jakarta.el\3.0.3\jakarta.el-3.0.3.jar;c:\users\a235905\.m2\repository\org\apache\tomcat\embed\tomcat-embed-websocket\9.0.44\tomcat-embed-websocket-9.0.44.jar;c:\users\a235905\.m2\repository\org\springframework\spring-web\5.3.5\spring-web-5.3.5.jar;c:\users\a235905\.m2\repository\org\springframework\spring-beans\5.3.5\spring-beans-5.3.5.jar;c:\users\a235905\.m2\repository\org\springframework\spring-webmvc\5.3.5\spring-webmvc-5.3.5.jar;c:\users\a235905\.m2\repository\org\springframework\spring-aop\5.3.5\spring-aop-5.3.5.jar;c:\users\a235905\.m2\repository\org\springframework\spring-context\5.3.5\spring-context-5.3.5.jar;c:\users\a235905\.m2\repository\org\springframework\spring-expression\5.3.5\spring-expression-5.3.5.jar;c:\users\a235905\.m2\repository\org\springframework\boot\spring-boot-starter-test\2.4.4\spring-boot-starter-test-2.4.4.jar;c:\users\a235905\.m2\repository\org\springframework\boot\spring-boot-test\2.4.4\spring-boot-test-2.4.4.jar;c:\users\a235905\.m2\repository\org\springframework\boot\spring-boot-test-autoconfigure\2.4.4\spring-boot-test-autoconfigure-2.4.4.jar;c:\users\a235905\.m2\repository\com\jayway\jsonpath\json-path\2.4.0\json-path-2.4.0.jar;c:\users\a235905\.m2\repository\net\minidev\json-smart\2.3\json-smart-2.3.jar;c:\users\a235905\.m2\repository\net\minidev\accessors-smart\1.2\accessors-smart-1.2.jar;c:\users\a235905\.m2\repository\org\ow2\asm\asm\5.0.4\asm-5.0.4.jar;c:\users\a235905\.m2\repository\jakarta\xml\bind\jakarta.xml.bind-api\2.3.3\jakarta.xml.bind-api-2.3.3.jar;c:\users\a235905\.m2\repository\jakarta\activation\jakarta.activation-api\1.2.2\jakarta.activation-api-1.2.2.jar;c:\users\a235905\.m2\repository\org\assertj\assertj-core\3.18.1\assertj-core-3.18.1.jar;c:\users\a235905\.m2\repository\org\hamcrest\hamcrest\2.2\hamcrest-2.2.jar;c:\users\a235905\.m2\repository\org\junit\jupiter\junit-jupiter\5.7.1\junit-jupiter-5.7.1.jar;c:\users\a235905\.m2\repository\org\junit\jupiter\junit-jupiter-api\5.7.1\junit-jupiter-api-5.7.1.jar;c:\users\a235905\.m2\repository\org\apiguardian\apiguardian-api\1.1.0\apiguardian-api-1.1.0.jar;c:\users\a235905\.m2\repository\org\opentest4j\opentest4j\1.2.0\opentest4j-1.2.0.jar;c:\users\a235905\.m2\repository\org\junit\platform\junit-platform-commons\1.7.1\junit-platform-commons-1.7.1.jar;c:\users\a235905\.m2\repository\org\junit\jupiter\junit-jupiter-params\5.7.1\junit-jupiter-params-5.7.1.jar;c:\users\a235905\.m2\repository\org\junit\jupiter\junit-jupiter-engine\5.7.1\junit-jupiter-engine-5.7.1.jar;c:\users\a235905\.m2\repository\org\junit\platform\junit-platform-engine\1.7.1\junit-platform-engine-1.7.1.jar;c:\users\a235905\.m2\repository\org\mockito\mockito-core\3.6.28\mockito-core-3.6.28.jar;c:\users\a235905\.m2\repository\net\bytebuddy\byte-buddy\1.10.22\byte-buddy-1.10.22.jar;c:\users\a235905\.m2\repository\net\bytebuddy\byte-buddy-agent\1.10.22\byte-buddy-agent-1.10.22.jar;c:\users\a235905\.m2\repository\org\objenesis\objenesis\3.1\objenesis-3.1.jar;c:\users\a235905\.m2\repository\org\mockito\mockito-junit-jupiter\3.6.28\mockito-junit-jupiter-3.6.28.jar;c:\users\a235905\.m2\repository\org\skyscreamer\jsonassert\1.5.0\jsonassert-1.5.0.jar;c:\users\a235905\.m2\repository\com\vaadin\external\google\android-json\0.0.20131108.vaadin1\android-json-0.0.20131108.vaadin1.jar;c:\users\a235905\.m2\repository\org\springframework\spring-core\5.3.5\spring-core-5.3.5.jar;c:\users\a235905\.m2\repository\org\springframework\spring-jcl\5.3.5\spring-jcl-5.3.5.jar;c:\users\a235905\.m2\repository\org\springframework\spring-test\5.3.5\spring-test-5.3.5.jar;c:\users\a235905\.m2\repository\org\xmlunit\xmlunit-core\2.7.0\xmlunit-core-2.7.0.jar;"/>
    <property name="java.vm.vendor" value="Oracle Corporation"/>
    <property name="sun.arch.data.model" value="64"/>
    <property name="user.variant" value=""/>
    <property name="java.vendor.url" value="http://java.oracle.com/"/>
    <property name="user.timezone" value="Africa/Harare"/>
    <property name="java.vm.specification.version" value="1.8"/>
    <property name="os.name" value="Windows 10"/>
    <property name="user.country" value="ZA"/>
    <property name="sun.java.launcher" value="SUN_STANDARD"/>
    <property name="sun.boot.library.path" value="C:\Program Files\Java\jdk1.8.0_161\jre\bin"/>
    <property name="sun.java.command" value="C:\Users\A235905\AppData\Local\Temp\1\surefire5280242064696774148\surefirebooter731805792175210586.jar C:\Users\A235905\AppData\Local\Temp\1\surefire5280242064696774148 2021-03-24T12-41-33_049-jvmRun1 surefire6190361729339450164tmp surefire_07030132383076392609tmp"/>
    <property name="surefire.test.class.path" value="C:\TaxCalculator\taxcalculator\taxcalculator\target\test-classes;C:\TaxCalculator\taxcalculator\taxcalculator\target\classes;c:\users\a235905\.m2\repository\org\springframework\boot\spring-boot-starter-thymeleaf\2.4.4\spring-boot-starter-thymeleaf-2.4.4.jar;c:\users\a235905\.m2\repository\org\springframework\boot\spring-boot-starter\2.4.4\spring-boot-starter-2.4.4.jar;c:\users\a235905\.m2\repository\org\springframework\boot\spring-boot\2.4.4\spring-boot-2.4.4.jar;c:\users\a235905\.m2\repository\org\springframework\boot\spring-boot-autoconfigure\2.4.4\spring-boot-autoconfigure-2.4.4.jar;c:\users\a235905\.m2\repository\org\springframework\boot\spring-boot-starter-logging\2.4.4\spring-boot-starter-logging-2.4.4.jar;c:\users\a235905\.m2\repository\ch\qos\logback\logback-classic\1.2.3\logback-classic-1.2.3.jar;c:\users\a235905\.m2\repository\ch\qos\logback\logback-core\1.2.3\logback-core-1.2.3.jar;c:\users\a235905\.m2\repository\org\apache\logging\log4j\log4j-to-slf4j\2.13.3\log4j-to-slf4j-2.13.3.jar;c:\users\a235905\.m2\repository\org\apache\logging\log4j\log4j-api\2.13.3\log4j-api-2.13.3.jar;c:\users\a235905\.m2\repository\org\slf4j\jul-to-slf4j\1.7.30\jul-to-slf4j-1.7.30.jar;c:\users\a235905\.m2\repository\jakarta\annotation\jakarta.annotation-api\1.3.5\jakarta.annotation-api-1.3.5.jar;c:\users\a235905\.m2\repository\org\yaml\snakeyaml\1.27\snakeyaml-1.27.jar;c:\users\a235905\.m2\repository\org\thymeleaf\thymeleaf-spring5\3.0.12.RELEASE\thymeleaf-spring5-3.0.12.RELEASE.jar;c:\users\a235905\.m2\repository\org\thymeleaf\thymeleaf\3.0.12.RELEASE\thymeleaf-3.0.12.RELEASE.jar;c:\users\a235905\.m2\repository\org\attoparser\attoparser\2.0.5.RELEASE\attoparser-2.0.5.RELEASE.jar;c:\users\a235905\.m2\repository\org\unbescape\unbescape\1.1.6.RELEASE\unbescape-1.1.6.RELEASE.jar;c:\users\a235905\.m2\repository\org\slf4j\slf4j-api\1.7.30\slf4j-api-1.7.30.jar;c:\users\a235905\.m2\repository\org\thymeleaf\extras\thymeleaf-extras-java8time\3.0.4.RELEASE\thymeleaf-extras-java8time-3.0.4.RELEASE.jar;c:\users\a235905\.m2\repository\org\springframework\boot\spring-boot-starter-web\2.4.4\spring-boot-starter-web-2.4.4.jar;c:\users\a235905\.m2\repository\org\springframework\boot\spring-boot-starter-json\2.4.4\spring-boot-starter-json-2.4.4.jar;c:\users\a235905\.m2\repository\com\fasterxml\jackson\core\jackson-databind\2.11.4\jackson-databind-2.11.4.jar;c:\users\a235905\.m2\repository\com\fasterxml\jackson\core\jackson-annotations\2.11.4\jackson-annotations-2.11.4.jar;c:\users\a235905\.m2\repository\com\fasterxml\jackson\core\jackson-core\2.11.4\jackson-core-2.11.4.jar;c:\users\a235905\.m2\repository\com\fasterxml\jackson\datatype\jackson-datatype-jdk8\2.11.4\jackson-datatype-jdk8-2.11.4.jar;c:\users\a235905\.m2\repository\com\fasterxml\jackson\datatype\jackson-datatype-jsr310\2.11.4\jackson-datatype-jsr310-2.11.4.jar;c:\users\a235905\.m2\repository\com\fasterxml\jackson\module\jackson-module-parameter-names\2.11.4\jackson-module-parameter-names-2.11.4.jar;c:\users\a235905\.m2\repository\org\springframework\boot\spring-boot-starter-tomcat\2.4.4\spring-boot-starter-tomcat-2.4.4.jar;c:\users\a235905\.m2\repository\org\apache\tomcat\embed\tomcat-embed-core\9.0.44\tomcat-embed-core-9.0.44.jar;c:\users\a235905\.m2\repository\org\glassfish\jakarta.el\3.0.3\jakarta.el-3.0.3.jar;c:\users\a235905\.m2\repository\org\apache\tomcat\embed\tomcat-embed-websocket\9.0.44\tomcat-embed-websocket-9.0.44.jar;c:\users\a235905\.m2\repository\org\springframework\spring-web\5.3.5\spring-web-5.3.5.jar;c:\users\a235905\.m2\repository\org\springframework\spring-beans\5.3.5\spring-beans-5.3.5.jar;c:\users\a235905\.m2\repository\org\springframework\spring-webmvc\5.3.5\spring-webmvc-5.3.5.jar;c:\users\a235905\.m2\repository\org\springframework\spring-aop\5.3.5\spring-aop-5.3.5.jar;c:\users\a235905\.m2\repository\org\springframework\spring-context\5.3.5\spring-context-5.3.5.jar;c:\users\a235905\.m2\repository\org\springframework\spring-expression\5.3.5\spring-expression-5.3.5.jar;c:\users\a235905\.m2\repository\org\springframework\boot\spring-boot-starter-test\2.4.4\spring-boot-starter-test-2.4.4.jar;c:\users\a235905\.m2\repository\org\springframework\boot\spring-boot-test\2.4.4\spring-boot-test-2.4.4.jar;c:\users\a235905\.m2\repository\org\springframework\boot\spring-boot-test-autoconfigure\2.4.4\spring-boot-test-autoconfigure-2.4.4.jar;c:\users\a235905\.m2\repository\com\jayway\jsonpath\json-path\2.4.0\json-path-2.4.0.jar;c:\users\a235905\.m2\repository\net\minidev\json-smart\2.3\json-smart-2.3.jar;c:\users\a235905\.m2\repository\net\minidev\accessors-smart\1.2\accessors-smart-1.2.jar;c:\users\a235905\.m2\repository\org\ow2\asm\asm\5.0.4\asm-5.0.4.jar;c:\users\a235905\.m2\repository\jakarta\xml\bind\jakarta.xml.bind-api\2.3.3\jakarta.xml.bind-api-2.3.3.jar;c:\users\a235905\.m2\repository\jakarta\activation\jakarta.activation-api\1.2.2\jakarta.activation-api-1.2.2.jar;c:\users\a235905\.m2\repository\org\assertj\assertj-core\3.18.1\assertj-core-3.18.1.jar;c:\users\a235905\.m2\repository\org\hamcrest\hamcrest\2.2\hamcrest-2.2.jar;c:\users\a235905\.m2\repository\org\junit\jupiter\junit-jupiter\5.7.1\junit-jupiter-5.7.1.jar;c:\users\a235905\.m2\repository\org\junit\jupiter\junit-jupiter-api\5.7.1\junit-jupiter-api-5.7.1.jar;c:\users\a235905\.m2\repository\org\apiguardian\apiguardian-api\1.1.0\apiguardian-api-1.1.0.jar;c:\users\a235905\.m2\repository\org\opentest4j\opentest4j\1.2.0\opentest4j-1.2.0.jar;c:\users\a235905\.m2\repository\org\junit\platform\junit-platform-commons\1.7.1\junit-platform-commons-1.7.1.jar;c:\users\a235905\.m2\repository\org\junit\jupiter\junit-jupiter-params\5.7.1\junit-jupiter-params-5.7.1.jar;c:\users\a235905\.m2\repository\org\junit\jupiter\junit-jupiter-engine\5.7.1\junit-jupiter-engine-5.7.1.jar;c:\users\a235905\.m2\repository\org\junit\platform\junit-platform-engine\1.7.1\junit-platform-engine-1.7.1.jar;c:\users\a235905\.m2\repository\org\mockito\mockito-core\3.6.28\mockito-core-3.6.28.jar;c:\users\a235905\.m2\repository\net\bytebuddy\byte-buddy\1.10.22\byte-buddy-1.10.22.jar;c:\users\a235905\.m2\repository\net\bytebuddy\byte-buddy-agent\1.10.22\byte-buddy-agent-1.10.22.jar;c:\users\a235905\.m2\repository\org\objenesis\objenesis\3.1\objenesis-3.1.jar;c:\users\a235905\.m2\repository\org\mockito\mockito-junit-jupiter\3.6.28\mockito-junit-jupiter-3.6.28.jar;c:\users\a235905\.m2\repository\org\skyscreamer\jsonassert\1.5.0\jsonassert-1.5.0.jar;c:\users\a235905\.m2\repository\com\vaadin\external\google\android-json\0.0.20131108.vaadin1\android-json-0.0.20131108.vaadin1.jar;c:\users\a235905\.m2\repository\org\springframework\spring-core\5.3.5\spring-core-5.3.5.jar;c:\users\a235905\.m2\repository\org\springframework\spring-jcl\5.3.5\spring-jcl-5.3.5.jar;c:\users\a235905\.m2\repository\org\springframework\spring-test\5.3.5\spring-test-5.3.5.jar;c:\users\a235905\.m2\repository\org\xmlunit\xmlunit-core\2.7.0\xmlunit-core-2.7.0.jar;"/>
    <property name="sun.cpu.endian" value="little"/>
    <property name="user.home" value="C:\Users\A235905"/>
    <property name="user.language" value="en"/>
    <property name="java.specification.vendor" value="Oracle Corporation"/>
    <property name="java.home" value="C:\Program Files\Java\jdk1.8.0_161\jre"/>
    <property name="basedir" value="C:\TaxCalculator\taxcalculator\taxcalculator"/>
    <property name="file.separator" value="\"/>
    <property name="line.separator" value="&#10;"/>
    <property name="java.vm.specification.vendor" value="Oracle Corporation"/>
    <property name="java.specification.name" value="Java Platform API Specification"/>
    <property name="java.awt.graphicsenv" value="sun.awt.Win32GraphicsEnvironment"/>
    <property name="surefire.real.class.path" value="C:\Users\A235905\AppData\Local\Temp\1\surefire5280242064696774148\surefirebooter731805792175210586.jar"/>
    <property name="sun.boot.class.path" value="C:\Program Files\Java\jdk1.8.0_161\jre\lib\resources.jar;C:\Program Files\Java\jdk1.8.0_161\jre\lib\rt.jar;C:\Program Files\Java\jdk1.8.0_161\jre\lib\sunrsasign.jar;C:\Program Files\Java\jdk1.8.0_161\jre\lib\jsse.jar;C:\Program Files\Java\jdk1.8.0_161\jre\lib\jce.jar;C:\Program Files\Java\jdk1.8.0_161\jre\lib\charsets.jar;C:\Program Files\Java\jdk1.8.0_161\jre\lib\jfr.jar;C:\Program Files\Java\jdk1.8.0_161\jre\classes"/>
    <property name="user.script" value=""/>
    <property name="sun.management.compiler" value="HotSpot 64-Bit Tiered Compilers"/>
    <property name="java.runtime.version" value="1.8.0_161-b12"/>
    <property name="user.name" value="A235905"/>
    <property name="path.separator" value=";"/>
    <property name="os.version" value="10.0"/>
    <property name="java.endorsed.dirs" value="C:\Program Files\Java\jdk1.8.0_161\jre\lib\endorsed"/>
    <property name="java.runtime.name" value="Java(TM) SE Runtime Environment"/>
    <property name="file.encoding" value="Cp1252"/>
    <property name="java.vm.name" value="Java HotSpot(TM) 64-Bit Server VM"/>
    <property name="localRepository" value="c:\users\a235905\.m2\repository"/>
    <property name="java.vendor.url.bug" value="http://bugreport.sun.com/bugreport/"/>
    <property name="java.io.tmpdir" value="C:\Users\A235905\AppData\Local\Temp\1\"/>
    <property name="java.version" value="1.8.0_161"/>
    <property name="user.dir" value="C:\TaxCalculator\taxcalculator\taxcalculator"/>
    <property name="os.arch" value="amd64"/>
    <property name="java.vm.specification.name" value="Java Virtual Machine Specification"/>
    <property name="java.awt.printerjob" value="sun.awt.windows.WPrinterJob"/>
    <property name="idea.version2019.1.3" value="true"/>
    <property name="sun.os.patch.level" value=""/>
    <property name="java.library.path" value="C:\Program Files\Java\jdk1.8.0_161\jre\bin;C:\WINDOWS\Sun\Java\bin;C:\WINDOWS\system32;C:\WINDOWS;C:\Program Files (x86)\Common Files\Oracle\Java\javapath;C:\ProgramData\Oracle\Java\javapath;C:\WINDOWS\system32;C:\WINDOWS;C:\WINDOWS\System32\Wbem;C:\WINDOWS\System32\WindowsPowerShell\v1.0\;C:\WINDOWS\System32\OpenSSH\;C:\Program Files (x86)\Lenovo\Access Connections\;C:\IMDS\Modules;C:\Program Files\Git\cmd;C:\Program Files\nodejs\;C:\ProgramData\chocolatey\bin;;C:\Program Files\Docker\Docker\resources\bin;C:\ProgramData\DockerDesktop\version-bin;C:\Program Files (x86)\Intel\Intel(R) Management Engine Components\DAL;C:\Program Files\Intel\Intel(R) Management Engine Components\DAL; C:\Program Files\Java\jdk1.8.0_161\bin;C:\apache-maven-3.6.2\bin;C:\apache-maven-3.6.2\bin;C:\Users\A235905\AppData\Local\Programs\Microsoft VS Code\bin;C:\Program Files\Salesforce CLI\bin;C:\Users\A235905\AppData\Local\Microsoft\WindowsApps;;."/>
    <property name="java.vm.info" value="mixed mode"/>
    <property name="java.vendor" value="Oracle Corporation"/>
    <property name="java.vm.version" value="25.161-b12"/>
    <property name="java.ext.dirs" value="C:\Program Files\Java\jdk1.8.0_161\jre\lib\ext;C:\WINDOWS\Sun\Java\lib\ext"/>
    <property name="sun.io.unicode.encoding" value="UnicodeLittle"/>
    <property name="java.class.version" value="52.0"/>
  </properties>
  <testcase name="contextLoads" classname="com.matimbahobs.taxcalculator.TaxcalculatorApplicationTests" time="0.287"/>
</testsuite>